Loading settings
Initializing Crash Catcher...
Starting up
Loading text
Initializing Video
Video: 1680x1050, fullscreen
Video Initialized
Renderer: OpenGL version 4.1 (GL_VERSION: 4.1 ATI-3.9.15)
Creating FBO...
SteamAPI initialized.
Starting audio library...
Audio Initialized!
Resource Preload: 2.913
Initializing animations...
Animations Initialized!
Loading Ship Blueprints....
Blueprints Loaded!
Initializing Sound Data....
Generating world...
Loading achievements...
Initializing Steam achievements for app 212680
Requesting Steam stats...
Loading score file...
Running Game!
Steam stats received
Finalizing Steam achievements
